<?xml version="1.0" encoding="UTF-8"?>
<!-- Generated by org.testng.reporters.JUnitReportReporter -->
<testsuite skipped="0" hostname="DESKTOP-VCLJA1T" name="requestForGoogleMap.AddPlace_PayLoad_pojoclass_Requestpojoclass_ReqAndResSpecBuilder" tests="1" failures="0" timestamp="03 Jun 2023 07:52:26 GMT" time="2.065" errors="0">
  <testcase name="addPlace" time="2.065" classname="requestForGoogleMap.AddPlace_PayLoad_pojoclass_Requestpojoclass_ReqAndResSpecBuilder"/>
</testsuite> <!-- requestForGoogleMap.AddPlace_PayLoad_pojoclass_Requestpojoclass_ReqAndResSpecBuilder -->
