<?xml version="1.0" encoding="UTF-8"?>
<!-- Generated by org.testng.reporters.JUnitReportReporter -->
<testsuite skipped="0" hostname="DESKTOP-VCLJA1T" name="requestForGoogleMap.AddPlace_PayLoad_pojoclass" tests="1" failures="0" timestamp="03 Jun 2023 06:59:39 GMT" time="3.095" errors="0">
  <testcase name="addPlace" time="3.095" classname="requestForGoogleMap.AddPlace_PayLoad_pojoclass"/>
</testsuite> <!-- requestForGoogleMap.AddPlace_PayLoad_pojoclass -->
