<?xml version="1.0" encoding="UTF-8"?>
<!-- Generated by org.testng.reporters.JUnitReportReporter -->
<testsuite skipped="0" hostname="DESKTOP-VCLJA1T" name="requestForGoogleMap.AddPlace" tests="1" failures="0" timestamp="03 Jun 2023 06:01:13 GMT" time="23.998" errors="0">
  <testcase name="addPlace" time="23.998" classname="requestForGoogleMap.AddPlace"/>
</testsuite> <!-- requestForGoogleMap.AddPlace -->
