<?xml version="1.0" encoding="UTF-8"?>
<!-- Generated by org.testng.reporters.JUnitReportReporter -->
<testsuite skipped="0" hostname="DESKTOP-VCLJA1T" name="requestForGoogleMap.AddPlace_PayLoad" tests="1" failures="0" timestamp="03 Jun 2023 06:27:40 GMT" time="2.607" errors="0">
  <testcase name="addPlace" time="2.607" classname="requestForGoogleMap.AddPlace_PayLoad"/>
</testsuite> <!-- requestForGoogleMap.AddPlace_PayLoad -->
