<?xml version="1.0" encoding="UTF-8"?>
<!-- Generated by org.testng.reporters.JUnitReportReporter -->
<testsuite skipped="0" hostname="DESKTOP-VCLJA1T" name="testRunner.RunTest$TestRunner" tests="1" failures="0" timestamp="03 Jun 2023 11:37:00 GMT" time="3.122" errors="0">
  <testcase name="runScenario" time="3.122" classname="testRunner.RunTest$TestRunner"/>
</testsuite> <!-- testRunner.RunTest$TestRunner -->
