<?xml version="1.0" encoding="UTF-8"?>
<!-- Generated by org.testng.reporters.JUnitReportReporter -->
<testsuite skipped="3" hostname="DESKTOP-VCLJA1T" name="testRunner.TestRunner" tests="6" failures="0" timestamp="28 May 2023 10:54:51 GMT" time="89.908" errors="0">
  <testcase name="runScenario" time="0.017" classname="testRunner.TestRunner">
    <skipped/>
  </testcase> <!-- runScenario -->
  <testcase name="runScenario" time="0.010" classname="testRunner.TestRunner">
    <skipped/>
  </testcase> <!-- runScenario -->
  <testcase name="runScenario" time="36.069" classname="testRunner.TestRunner"/>
  <testcase name="runScenario" time="36.471" classname="testRunner.TestRunner"/>
  <testcase name="runScenario" time="0.007" classname="testRunner.TestRunner">
    <skipped/>
  </testcase> <!-- runScenario -->
  <testcase name="runScenario" time="17.334" classname="testRunner.TestRunner"/>
</testsuite> <!-- testRunner.TestRunner -->
