<?xml version="1.0" encoding="UTF-8"?>
<!-- Generated by org.testng.reporters.JUnitReportReporter -->
<testsuite skipped="0" hostname="DESKTOP-VCLJA1T" name="testBase.TestBase" tests="2" failures="0" timestamp="28 May 2023 05:49:20 GMT" time="6.658" errors="0">
  <testcase name="openBrowser" time="5.951" classname="testBase.TestBase"/>
  <testcase name="closeBrwoser" time="0.707" classname="testBase.TestBase"/>
</testsuite> <!-- testBase.TestBase -->
